<?xml version="1.0" encoding="UTF-8"?>
<!-- Generated by org.testng.reporters.JUnitXMLReporter -->
<testsuite ignored="0" hostname="QSP" failures="0" tests="4" name="Test" time="0.192" errors="0" timestamp="2021-11-20T07:12:32 IST">
  <testcase classname="testcripts.Test3" name="tc4" time="0.027"/>
  <testcase classname="testcripts.Test0" name="tc1" time="0.002"/>
  <testcase classname="testcripts.Test2" name="tc3" time="0.005"/>
  <testcase classname="testcripts.Test1" name="tc2" time="0.004"/>
</testsuite> <!-- Test -->
