<?xml version="1.0" encoding="UTF-8"?>
<testng-results ignored="0" total="4" passed="4" failed="0" skipped="0">
  <reporter-output>
    <line>
      <![CDATA[Hello python]]>
    </line>
    <line>
      <![CDATA[Hello java]]>
    </line>
    <line>
      <![CDATA[Hello Appium]]>
    </line>
    <line>
      <![CDATA[Hello Selenium]]>
    </line>
  </reporter-output>
  <suite started-at="2021-11-20T07:12:32 IST" name="Suite" finished-at="2021-11-20T07:12:32 IST" duration-ms="192">
    <groups>
    </groups>
    <test started-at="2021-11-20T07:12:32 IST" name="Test" finished-at="2021-11-20T07:12:32 IST" duration-ms="192">
      <class name="testcripts.Test0">
        <test-method signature="tc1()[pri:0, instance:testcripts.Test0@68567e20]" started-at="2021-11-20T07:12:32 IST" name="tc1" finished-at="2021-11-20T07:12:32 IST" duration-ms="2" status="PASS">
          <reporter-output>
            <line>
              <![CDATA[Hello java]]>
            </line>
          </reporter-output>
        </test-method> <!-- tc1 -->
      </class> <!-- testcripts.Test0 -->
      <class name="testcripts.Test3">
        <test-method signature="tc4()[pri:0, instance:testcripts.Test3@17a7f733]" started-at="2021-11-20T07:12:32 IST" name="tc4" finished-at="2021-11-20T07:12:32 IST" duration-ms="27" status="PASS">
          <reporter-output>
            <line>
              <![CDATA[Hello python]]>
            </line>
          </reporter-output>
        </test-method> <!-- tc4 -->
      </class> <!-- testcripts.Test3 -->
      <class name="testcripts.Test2">
        <test-method signature="tc3()[pri:0, instance:testcripts.Test2@76ed1b7c]" started-at="2021-11-20T07:12:32 IST" name="tc3" finished-at="2021-11-20T07:12:32 IST" duration-ms="5" status="PASS">
          <reporter-output>
            <line>
              <![CDATA[Hello Appium]]>
            </line>
          </reporter-output>
        </test-method> <!-- tc3 -->
      </class> <!-- testcripts.Test2 -->
      <class name="testcripts.Test1">
        <test-method signature="tc2()[pri:0, instance:testcripts.Test1@11fc564b]" started-at="2021-11-20T07:12:32 IST" name="tc2" finished-at="2021-11-20T07:12:32 IST" duration-ms="4" status="PASS">
          <reporter-output>
            <line>
              <![CDATA[Hello Selenium]]>
            </line>
          </reporter-output>
        </test-method> <!-- tc2 -->
      </class> <!-- testcripts.Test1 -->
    </test> <!-- Test -->
  </suite> <!-- Suite -->
</testng-results>
